<?xml version="1.0" encoding="UTF-8"?>
<testng-results ignored="0" total="1" passed="1" failed="0" skipped="0">
  <reporter-output>
  </reporter-output>
  <suite started-at="2024-09-22T18:44:24 IST" name="Default suite" finished-at="2024-09-22T18:44:46 IST" duration-ms="22021">
    <groups>
    </groups>
    <test started-at="2024-09-22T18:44:24 IST" name="Default test" finished-at="2024-09-22T18:44:46 IST" duration-ms="22021">
      <class name="AmazonFlightTest.TC_13_ApplyCode">
        <test-method is-config="true" signature="generic_methods01()[pri:0, instance:AmazonFlightTest.TC_13_ApplyCode@740cae06]" started-at="2024-09-22T18:44:24 IST" name="generic_methods01" finished-at="2024-09-22T18:44:27 IST" duration-ms="3374" status="PASS">
          <reporter-output>
          </reporter-output>
        </test-method> <!-- generic_methods01 -->
        <test-method signature="verifyApplyCode()[pri:0, instance:AmazonFlightTest.TC_13_ApplyCode@740cae06]" started-at="2024-09-22T18:44:27 IST" name="verifyApplyCode" finished-at="2024-09-22T18:44:45 IST" duration-ms="17786" status="PASS">
          <reporter-output>
          </reporter-output>
        </test-method> <!-- verifyApplyCode -->
        <test-method is-config="true" signature="after_coderun()[pri:0, instance:AmazonFlightTest.TC_13_ApplyCode@740cae06]" started-at="2024-09-22T18:44:45 IST" name="after_coderun" finished-at="2024-09-22T18:44:46 IST" duration-ms="586" status="PASS">
          <reporter-output>
          </reporter-output>
        </test-method> <!-- after_coderun -->
      </class> <!-- AmazonFlightTest.TC_13_ApplyCode -->
    </test> <!-- Default test -->
  </suite> <!-- Default suite -->
</testng-results>
